{"D:\\P\\tasks\\auto27\\src\\lib\\constants.ts": {"path":"D:\\P\\tasks\\auto27\\src\\lib\\constants.ts","statementMap":{"0":{"start":{"line":3,"column":29},"end":{"line":9,"column":null}},"1":{"start":{"line":12,"column":64},"end":{"line":18,"column":null}},"2":{"start":{"line":21,"column":58},"end":{"line":28,"column":null}},"3":{"start":{"line":30,"column":31},"end":{"line":30,"column":null}},"4":{"start":{"line":31,"column":30},"end":{"line":31,"column":null}},"5":{"start":{"line":32,"column":27},"end":{"line":32,"column":null}},"6":{"start":{"line":33,"column":26},"end":{"line":33,"column":null}},"7":{"start":{"line":34,"column":31},"end":{"line":34,"column":null}},"8":{"start":{"line":35,"column":25},"end":{"line":35,"column":null}},"9":{"start":{"line":36,"column":27},"end":{"line":36,"column":null}},"10":{"start":{"line":38,"column":30},"end":{"line":48,"column":null}},"11":{"start":{"line":52,"column":12},"end":{"line":52,"column":null}},"12":{"start":{"line":53,"column":12},"end":{"line":53,"column":null}},"13":{"start":{"line":54,"column":2},"end":{"line":54,"column":null}},"14":{"start":{"line":58,"column":2},"end":{"line":58,"column":null}},"15":{"start":{"line":62,"column":2},"end":{"line":62,"column":null}}},"fnMap":{"0":{"name":"minutesToTime","decl":{"start":{"line":51,"column":16},"end":{"line":51,"column":30}},"loc":{"start":{"line":51,"column":55},"end":{"line":55,"column":null}},"line":51},"1":{"name":"snapToSlot","decl":{"start":{"line":57,"column":16},"end":{"line":57,"column":27}},"loc":{"start":{"line":57,"column":52},"end":{"line":59,"column":null}},"line":57},"2":{"name":"clampMinutes","decl":{"start":{"line":61,"column":16},"end":{"line":61,"column":29}},"loc":{"start":{"line":61,"column":48},"end":{"line":63,"column":null}},"line":61}},"branchMap":{},"s":{"0":2,"1":2,"2":2,"3":2,"4":2,"5":2,"6":2,"7":2,"8":2,"9":2,"10":2,"11":8,"12":8,"13":8,"14":11,"15":8},"f":{"0":8,"1":11,"2":8},"b":{},"meta":{"lastBranch":0,"lastFunction":3,"lastStatement":16,"seen":{"s:3:29:9:Infinity":0,"s:12:64:18:Infinity":1,"s:21:58:28:Infinity":2,"s:30:31:30:Infinity":3,"s:31:30:31:Infinity":4,"s:32:27:32:Infinity":5,"s:33:26:33:Infinity":6,"s:34:31:34:Infinity":7,"s:35:25:35:Infinity":8,"s:36:27:36:Infinity":9,"s:38:30:48:Infinity":10,"f:51:16:51:30":0,"s:52:12:52:Infinity":11,"s:53:12:53:Infinity":12,"s:54:2:54:Infinity":13,"f:57:16:57:27":1,"s:58:2:58:Infinity":14,"f:61:16:61:29":2,"s:62:2:62:Infinity":15},"fnNames":{}}}
,"D:\\P\\tasks\\auto27\\src\\lib\\db.ts": {"path":"D:\\P\\tasks\\auto27\\src\\lib\\db.ts","statementMap":{"0":{"start":{"line":4,"column":22},"end":{"line":4,"column":null}},"1":{"start":{"line":5,"column":23},"end":{"line":5,"column":null}},"2":{"start":{"line":6,"column":22},"end":{"line":6,"column":null}},"3":{"start":{"line":9,"column":15},"end":{"line":9,"column":null}},"4":{"start":{"line":10,"column":2},"end":{"line":10,"column":null}},"5":{"start":{"line":14,"column":2},"end":{"line":14,"column":null}},"6":{"start":{"line":18,"column":15},"end":{"line":18,"column":null}},"7":{"start":{"line":19,"column":2},"end":{"line":19,"column":null}},"8":{"start":{"line":23,"column":2},"end":{"line":23,"column":null}},"9":{"start":{"line":27,"column":15},"end":{"line":27,"column":null}},"10":{"start":{"line":28,"column":2},"end":{"line":28,"column":null}},"11":{"start":{"line":32,"column":2},"end":{"line":32,"column":null}},"12":{"start":{"line":36,"column":17},"end":{"line":36,"column":null}},"13":{"start":{"line":37,"column":2},"end":{"line":37,"column":null}},"14":{"start":{"line":37,"column":44},"end":{"line":37,"column":60}}},"fnMap":{"0":{"name":"loadBlocks","decl":{"start":{"line":8,"column":22},"end":{"line":8,"column":33}},"loc":{"start":{"line":8,"column":69},"end":{"line":11,"column":null}},"line":8},"1":{"name":"saveBlocks","decl":{"start":{"line":13,"column":22},"end":{"line":13,"column":33}},"loc":{"start":{"line":13,"column":83},"end":{"line":15,"column":null}},"line":13},"2":{"name":"loadReviews","decl":{"start":{"line":17,"column":22},"end":{"line":17,"column":34}},"loc":{"start":{"line":17,"column":85},"end":{"line":20,"column":null}},"line":17},"3":{"name":"saveReviews","decl":{"start":{"line":22,"column":22},"end":{"line":22,"column":34}},"loc":{"start":{"line":22,"column":100},"end":{"line":24,"column":null}},"line":22},"4":{"name":"loadReport","decl":{"start":{"line":26,"column":22},"end":{"line":26,"column":33}},"loc":{"start":{"line":26,"column":76},"end":{"line":29,"column":null}},"line":26},"5":{"name":"saveReport","decl":{"start":{"line":31,"column":22},"end":{"line":31,"column":33}},"loc":{"start":{"line":31,"column":83},"end":{"line":33,"column":null}},"line":31},"6":{"name":"deleteBlockData","decl":{"start":{"line":35,"column":22},"end":{"line":35,"column":38}},"loc":{"start":{"line":35,"column":84},"end":{"line":38,"column":null}},"line":35},"7":{"name":"(anonymous_7)","decl":{"start":{"line":37,"column":39},"end":{"line":37,"column":44}},"loc":{"start":{"line":37,"column":44},"end":{"line":37,"column":60}},"line":37}},"branchMap":{"0":{"loc":{"start":{"line":10,"column":9},"end":{"line":10,"column":null}},"type":"binary-expr","locations":[{"start":{"line":10,"column":9},"end":{"line":10,"column":17}},{"start":{"line":10,"column":17},"end":{"line":10,"column":null}}],"line":10},"1":{"loc":{"start":{"line":19,"column":9},"end":{"line":19,"column":null}},"type":"binary-expr","locations":[{"start":{"line":19,"column":9},"end":{"line":19,"column":17}},{"start":{"line":19,"column":17},"end":{"line":19,"column":null}}],"line":19},"2":{"loc":{"start":{"line":28,"column":9},"end":{"line":28,"column":null}},"type":"binary-expr","locations":[{"start":{"line":28,"column":9},"end":{"line":28,"column":17}},{"start":{"line":28,"column":17},"end":{"line":28,"column":null}}],"line":28}},"s":{"0":1,"1":1,"2":1,"3":3,"4":3,"5":2,"6":2,"7":2,"8":1,"9":2,"10":2,"11":1,"12":1,"13":1,"14":2},"f":{"0":3,"1":2,"2":2,"3":1,"4":2,"5":1,"6":1,"7":2},"b":{"0":[3,1],"1":[2,1],"2":[2,1]},"meta":{"lastBranch":3,"lastFunction":8,"lastStatement":15,"seen":{"s:4:22:4:Infinity":0,"s:5:23:5:Infinity":1,"s:6:22:6:Infinity":2,"f:8:22:8:33":0,"s:9:15:9:Infinity":3,"s:10:2:10:Infinity":4,"b:10:9:10:17:10:17:10:Infinity":0,"f:13:22:13:33":1,"s:14:2:14:Infinity":5,"f:17:22:17:34":2,"s:18:15:18:Infinity":6,"s:19:2:19:Infinity":7,"b:19:9:19:17:19:17:19:Infinity":1,"f:22:22:22:34":3,"s:23:2:23:Infinity":8,"f:26:22:26:33":4,"s:27:15:27:Infinity":9,"s:28:2:28:Infinity":10,"b:28:9:28:17:28:17:28:Infinity":2,"f:31:22:31:33":5,"s:32:2:32:Infinity":11,"f:35:22:35:38":6,"s:36:17:36:Infinity":12,"s:37:2:37:Infinity":13,"f:37:39:37:44":7,"s:37:44:37:60":14},"fnNames":{}}}
}
